\BOOKMARK [1][-]{section.1}{Question 1}{}% 1
\BOOKMARK [2][-]{subsection.1.1}{a\)}{section.1}% 2
\BOOKMARK [2][-]{subsection.1.2}{b\)}{section.1}% 3
\BOOKMARK [2][-]{subsection.1.3}{c\)}{section.1}% 4
\BOOKMARK [2][-]{subsection.1.4}{d\)}{section.1}% 5
\BOOKMARK [1][-]{section.2}{Question 2}{}% 6
\BOOKMARK [1][-]{section.3}{Question 3}{}% 7
\BOOKMARK [2][-]{subsection.3.1}{a\)}{section.3}% 8
\BOOKMARK [2][-]{subsection.3.2}{b\)}{section.3}% 9
\BOOKMARK [2][-]{subsection.3.3}{c\)}{section.3}% 10
\BOOKMARK [2][-]{subsection.3.4}{d\)}{section.3}% 11
\BOOKMARK [2][-]{subsection.3.5}{e\)}{section.3}% 12
\BOOKMARK [2][-]{subsection.3.6}{f\)}{section.3}% 13
\BOOKMARK [2][-]{subsection.3.7}{g\)}{section.3}% 14
\BOOKMARK [2][-]{subsection.3.8}{h\)}{section.3}% 15
\BOOKMARK [1][-]{section.4}{Question 4}{}% 16
\BOOKMARK [2][-]{subsection.4.1}{a\)}{section.4}% 17
\BOOKMARK [2][-]{subsection.4.2}{b\)}{section.4}% 18
\BOOKMARK [2][-]{subsection.4.3}{c\)}{section.4}% 19
\BOOKMARK [2][-]{subsection.4.4}{d\)}{section.4}% 20
\BOOKMARK [1][-]{section.5}{Question 5}{}% 21
\BOOKMARK [1][-]{section.6}{Question 6}{}% 22
\BOOKMARK [1][-]{section.7}{Question 7}{}% 23
\BOOKMARK [1][-]{section.8}{Question 8}{}% 24
\BOOKMARK [1][-]{section.9}{Question 9}{}% 25
\BOOKMARK [1][-]{section.10}{Question 10}{}% 26
\BOOKMARK [1][-]{section.11}{Question 11}{}% 27
